#
# There is insufficient memory for the Java Runtime Environment to continue.
# Native memory allocation (mmap) failed to map 536870912 bytes for G1 virtual space
# Possible reasons:
#   The system is out of physical RAM or swap space
#   The process is running with CompressedOops enabled, and the Java Heap may be blocking the growth of the native heap
# Possible solutions:
#   Reduce memory load on the system
#   Increase physical memory or swap space
#   Check if swap backing store is full
#   Decrease Java heap size (-Xmx/-Xms)
#   Decrease number of Java threads
#   Decrease Java thread stack sizes (-Xss)
#   Set larger code cache with -XX:ReservedCodeCacheSize=
#   JVM is running with Zero Based Compressed Oops mode in which the Java heap is
#     placed in the first 32GB address space. The Java Heap base address is the
#     maximum limit for the native heap growth. Please use -XX:HeapBaseMinAddress
#     to set the Java Heap base and to place the Java Heap above 32GB virtual address.
# This output file may be truncated or incomplete.
#
#  Out of Memory Error (os_windows.cpp:3825), pid=57680, tid=68224
#
# JRE version:  (17.0.10+1) (build )
# Java VM: OpenJDK 64-Bit Server VM (17.0.10+1-b1207.14, mixed mode, sharing, tiered, compressed oops, compressed class ptrs, g1 gc, windows-amd64)
# No core dump will be written. Minidumps are not enabled by default on client versions of Windows
#

---------------  S U M M A R Y ------------

Command Line: git4idea.http.GitAskPassApp Username for 'https://github.com': 

Host: Intel(R) Core(TM) i5-9400 CPU @ 2.90GHz, 6 cores, 31G,  Windows 10 , 64 bit Build 17763 (10.0.17763.475)
Time: Mon Jul 29 17:36:16 2024 中国标准时间 elapsed time: 0.020177 seconds (0d 0h 0m 0s)

---------------  T H R E A D  ---------------

Current thread (0x0000027d18e11440):  JavaThread "Unknown thread" [_thread_in_vm, id=68224, stack(0x000000fc59f00000,0x000000fc5a000000)]

Stack: [0x000000fc59f00000,0x000000fc5a000000]
Native frames: (J=compiled Java code, j=interpreted, Vv=VM code, C=native code)
V  [jvm.dll+0x687989]
V  [jvm.dll+0x84116a]
V  [jvm.dll+0x842dae]
V  [jvm.dll+0x843413]
V  [jvm.dll+0x249ccf]
V  [jvm.dll+0x684759]
V  [jvm.dll+0x67900a]
V  [jvm.dll+0x30ab0b]
V  [jvm.dll+0x311fb6]
V  [jvm.dll+0x361d5e]
V  [jvm.dll+0x361f8f]
V  [jvm.dll+0x2e07f8]
V  [jvm.dll+0x2e1764]
V  [jvm.dll+0x811c31]
V  [jvm.dll+0x36fc11]
V  [jvm.dll+0x7f0666]
V  [jvm.dll+0x3f3daf]
V  [jvm.dll+0x3f5a41]
C  [jli.dll+0x528f]
C  [ucrtbase.dll+0x2268a]
C  [KERNEL32.DLL+0x17974]
C  [ntdll.dll+0x5a0b1]


---------------  P R O C E S S  ---------------

Threads class SMR info:
_java_thread_list=0x00007ffc4b31df58, length=0, elements={
}

Java Threads: ( => current thread )

Other Threads:
  0x0000027d18e7e640 GCTaskThread "GC Thread#0" [stack: 0x000000fc5a000000,0x000000fc5a100000] [id=54164]
  0x0000027d18e8d2f0 ConcurrentGCThread "G1 Main Marker" [stack: 0x000000fc5a100000,0x000000fc5a200000] [id=71688]
  0x0000027d3f0f4f50 ConcurrentGCThread "G1 Conc#0" [stack: 0x000000fc5a200000,0x000000fc5a300000] [id=66428]

[error occurred during error reporting (printing all threads), id 0xc0000005, EXCEPTION_ACCESS_VIOLATION (0xc0000005) at pc=0x00007ffc4aad13c7]

VM state: not at safepoint (not fully initialized)

VM Mutex/Monitor currently owned by a thread:  ([mutex/lock_event])
[0x0000027d18e0cfa0] Heap_lock - owner thread: 0x0000027d18e11440

Heap address: 0x0000000601c00000, size: 8164 MB, Compressed Oops mode: Zero based, Oop shift amount: 3

CDS archive(s) mapped at: [0x0000000000000000-0x0000000000000000-0x0000000000000000), size 0, SharedBaseAddress: 0x0000000800000000, ArchiveRelocationMode: 1.
Narrow klass base: 0x0000000000000000, Narrow klass shift: 0, Narrow klass range: 0x0

GC Precious Log:
<Empty>

Heap:
 garbage-first heap   total 0K, used 0K [0x0000000601c00000, 0x0000000800000000)
  region size 4096K, 0 young (0K), 0 survivors (0K)
 Metaspace       used 0K, committed 0K, reserved 0K
  class space    used 0K, committed 0K, reserved 0K

Heap Regions: E=young(eden), S=young(survivor), O=old, HS=humongous(starts), HC=humongous(continues), CS=collection set, F=free, OA=open archive, CA=closed archive, TAMS=top-at-mark-start (previous, next)

Card table byte_map: [0x0000027d2d190000,0x0000027d2e190000] _byte_map_base: 0x0000027d2a182000

Marking Bits (Prev, Next): (CMBitMap*) 0x0000027d18e7ea70, (CMBitMap*) 0x0000027d18e7eab0
 Prev Bits: [0x0000027d2f190000, 0x0000027d37120000)
 Next Bits: [0x0000027d37120000, 0x0000027d3f0b0000)

GC Heap History (0 events):
No events

Dll operation events (1 events):
Event: 0.008 Loaded shared library D:\JetBrains\IntelliJ IDEA 2023.1.2\jbr\bin\java.dll

Deoptimization events (0 events):
No events

Classes unloaded (0 events):
No events

Classes redefined (0 events):
No events

Internal exceptions (0 events):
No events

VM Operations (0 events):
No events

Events (0 events):
No events


Dynamic libraries:
0x00007ff6453a0000 - 0x00007ff6453aa000 	D:\JetBrains\IntelliJ IDEA 2023.1.2\jbr\bin\java.exe
0x00007ffcefeb0000 - 0x00007ffcf009d000 	C:\Windows\SYSTEM32\ntdll.dll
0x00007ffceecd0000 - 0x00007ffceed83000 	C:\Windows\System32\KERNEL32.DLL
0x00007ffcec0f0000 - 0x00007ffcec385000 	C:\Windows\System32\KERNELBASE.dll
0x00007ffceccf0000 - 0x00007ffcecdea000 	C:\Windows\System32\ucrtbase.dll
0x00007ffce5df0000 - 0x00007ffce5e07000 	D:\JetBrains\IntelliJ IDEA 2023.1.2\jbr\bin\jli.dll
0x00007ffce59f0000 - 0x00007ffce5a0b000 	D:\JetBrains\IntelliJ IDEA 2023.1.2\jbr\bin\VCRUNTIME140.dll
0x00007ffcef940000 - 0x00007ffcefad7000 	C:\Windows\System32\USER32.dll
0x00007ffcec0d0000 - 0x00007ffcec0f0000 	C:\Windows\System32\win32u.dll
0x00007ffced7a0000 - 0x00007ffced7c9000 	C:\Windows\System32\GDI32.dll
0x00007ffcecb50000 - 0x00007ffceccec000 	C:\Windows\System32\gdi32full.dll
0x00007ffcebfb0000 - 0x00007ffcec050000 	C:\Windows\System32\msvcp_win.dll
0x00007ffce07b0000 - 0x00007ffce0a29000 	C:\Windows\WinSxS\amd64_microsoft.windows.common-controls_6595b64144ccf1df_6.0.17763.1637_none_de704308534c3ec5\COMCTL32.dll
0x00007ffcef5b0000 - 0x00007ffcef64e000 	C:\Windows\System32\msvcrt.dll
0x00007ffcef0c0000 - 0x00007ffcef3ee000 	C:\Windows\System32\combase.dll
0x00007ffceee60000 - 0x00007ffceef82000 	C:\Windows\System32\RPCRT4.dll
0x00007ffcec050000 - 0x00007ffcec0cf000 	C:\Windows\System32\bcryptPrimitives.dll
0x00007ffced770000 - 0x00007ffced79e000 	C:\Windows\System32\IMM32.DLL
0x000000005b460000 - 0x000000005b46d000 	C:\Program Files (x86)\360\360Safe\safemon\SafeWrapper.dll
0x00007ffced0d0000 - 0x00007ffced173000 	C:\Windows\System32\ADVAPI32.dll
0x00007ffcefcb0000 - 0x00007ffcefd4f000 	C:\Windows\System32\sechost.dll
0x00007ffce4440000 - 0x00007ffce4543000 	C:\Program Files (x86)\360\360Safe\safemon\libzdtp64.dll
0x00007ffced7d0000 - 0x00007ffceecc9000 	C:\Windows\System32\SHELL32.dll
0x00007ffcebf60000 - 0x00007ffcebfaa000 	C:\Windows\System32\cfgmgr32.dll
0x00007ffcef890000 - 0x00007ffcef938000 	C:\Windows\System32\shcore.dll
0x00007ffcec3f0000 - 0x00007ffcecb43000 	C:\Windows\System32\windows.storage.dll
0x00007ffcebe90000 - 0x00007ffcebeb4000 	C:\Windows\System32\profapi.dll
0x00007ffcebee0000 - 0x00007ffcebf3d000 	C:\Windows\System32\powrprof.dll
0x00007ffceedf0000 - 0x00007ffceee42000 	C:\Windows\System32\shlwapi.dll
0x00007ffcebec0000 - 0x00007ffcebed1000 	C:\Windows\System32\kernel.appcore.dll
0x00007ffcece20000 - 0x00007ffcece37000 	C:\Windows\System32\cryptsp.dll
0x00007ffceb9f0000 - 0x00007ffceb9fa000 	C:\Windows\SYSTEM32\VERSION.dll
0x00007ffce5b90000 - 0x00007ffce5b9c000 	D:\JetBrains\IntelliJ IDEA 2023.1.2\jbr\bin\vcruntime140_1.dll
0x00007ffcb6490000 - 0x00007ffcb651d000 	D:\JetBrains\IntelliJ IDEA 2023.1.2\jbr\bin\msvcp140.dll
0x00007ffc4a7e0000 - 0x00007ffc4b462000 	D:\JetBrains\IntelliJ IDEA 2023.1.2\jbr\bin\server\jvm.dll
0x00007ffce5e30000 - 0x00007ffce5e39000 	C:\Windows\SYSTEM32\WSOCK32.dll
0x00007ffce1310000 - 0x00007ffce1334000 	C:\Windows\SYSTEM32\WINMM.dll
0x00007ffcef750000 - 0x00007ffcef7bd000 	C:\Windows\System32\WS2_32.dll
0x00007ffce3e80000 - 0x00007ffce3ead000 	C:\Windows\SYSTEM32\WINMMBASE.dll
0x00007ffce5e20000 - 0x00007ffce5e2a000 	D:\JetBrains\IntelliJ IDEA 2023.1.2\jbr\bin\jimage.dll
0x00007ffce3f40000 - 0x00007ffce412d000 	C:\Windows\SYSTEM32\DBGHELP.DLL
0x00007ffce2bc0000 - 0x00007ffce2bea000 	C:\Windows\SYSTEM32\dbgcore.DLL
0x00007ffce5dc0000 - 0x00007ffce5de5000 	D:\JetBrains\IntelliJ IDEA 2023.1.2\jbr\bin\java.dll

dbghelp: loaded successfully - version: 4.0.5 - missing functions: none
symbol engine: initialized successfully - sym options: 0x614 - pdb path: .;D:\JetBrains\IntelliJ IDEA 2023.1.2\jbr\bin;C:\Windows\SYSTEM32;C:\Windows\WinSxS\amd64_microsoft.windows.common-controls_6595b64144ccf1df_6.0.17763.1637_none_de704308534c3ec5;C:\Program Files (x86)\360\360Safe\safemon;D:\JetBrains\IntelliJ IDEA 2023.1.2\jbr\bin\server

VM Arguments:
java_command: git4idea.http.GitAskPassApp Username for 'https://github.com': 
java_class_path (initial): D:/JetBrains/IntelliJ IDEA 2023.1.2/plugins/vcs-git/lib/git4idea-rt.jar;D:/JetBrains/IntelliJ IDEA 2023.1.2/lib/externalProcess-rt.jar
Launcher Type: SUN_STANDARD

[Global flags]
     intx CICompilerCount                          = 3                                         {product} {ergonomic}
     uint ConcGCThreads                            = 2                                         {product} {ergonomic}
     uint G1ConcRefinementThreads                  = 6                                         {product} {ergonomic}
   size_t G1HeapRegionSize                         = 4194304                                   {product} {ergonomic}
    uintx GCDrainStackTargetSize                   = 64                                        {product} {ergonomic}
   size_t InitialHeapSize                          = 536870912                                 {product} {ergonomic}
   size_t MarkStackSize                            = 4194304                                   {product} {ergonomic}
   size_t MaxHeapSize                              = 8560574464                                {product} {ergonomic}
   size_t MinHeapDeltaBytes                        = 4194304                                   {product} {ergonomic}
   size_t MinHeapSize                              = 8388608                                   {product} {ergonomic}
    uintx NonNMethodCodeHeapSize                   = 5832780                                {pd product} {ergonomic}
    uintx NonProfiledCodeHeapSize                  = 122912730                              {pd product} {ergonomic}
    uintx ProfiledCodeHeapSize                     = 122912730                              {pd product} {ergonomic}
    uintx ReservedCodeCacheSize                    = 251658240                              {pd product} {ergonomic}
     bool SegmentedCodeCache                       = true                                      {product} {ergonomic}
   size_t SoftMaxHeapSize                          = 8560574464                             {manageable} {ergonomic}
     bool UseCompressedClassPointers               = true                           {product lp64_product} {ergonomic}
     bool UseCompressedOops                        = true                           {product lp64_product} {ergonomic}
     bool UseG1GC                                  = true                                      {product} {ergonomic}
     bool UseLargePagesIndividualAllocation        = false                                  {pd product} {ergonomic}

Logging:
Log output configuration:
 #0: stdout all=warning uptime,level,tags
 #1: stderr all=off uptime,level,tags

Environment Variables:
JAVA_HOME=D:\java\8.191
PATH=D:\Tools\Git\mingw64\libexec\git-core;D:\Tools\Git\mingw64\libexec\git-core;D:\Tools\Git\mingw64\bin;D:\Tools\Git\usr\bin;C:\Users\Administrator\bin;C:\Program Files (x86)\NetSarang\Xftp 6;C:\Program Files (x86)\NetSarang\Xshell 6;D:\Tools\yarn\bin;C:\Windows\system32;C:\Windows;C:\Windows\System32\Wbem;C:\Windows\System32\WindowsPowerShell\v1.0;C:\Windows\System32\OpenSSH;D:\java\8.191\bin;D:\Tools\apache-maven-3.6.3\bin;C:\Program Files (x86)\NetSarang\Xshell 7;C:\Program Files (x86)\NetSarang\Xftp 7;C:\Program Files (x86)\Lua\5.1;C:\Program Files (x86)\Lua\5.1\clibs;D:\Tools\v12-mingw64\bin;D:\Tools\plow;C:\Program Files\dotnet;C:\Program Files\nodejs;D:\python;C:\Users\Administrator\AppData\Roaming\Python\Scripts;E:\TDM-GCC\bin;E:\Graphviz\bin;E:\go\bin;E:\Tools\upx-4.1.0-win64;E:\Tools\NSIS\Bin;C:\ProgramData\chocolatey\bin;D:\Tools\Git\cmd;E:\rust\.cargo\bin;C:\Users\Administrator\.cargo\bin;D:\python\Scripts;D:\python;C:\Program Files\MySQL\MySQL Shell 8.0\bin;C:\Users\Administrator\AppData\Local\Microsoft\WindowsApps;C:\Users\Administrator\AppData\Local\Programs\Microsoft VS Code\bin;D:\JetBrains\GoLand 2021.3.3\bin;D:\JetBrains\PyCharm 2020.2.1\bin;D:\JetBrains\DataGrip 2021.3.4\bin;D:\JetBrains\IntelliJ IDEA 2021.1.3\bin;C:\Users\Administrator\AppData\Local\Yarn\bin;D:\JetBrains\CLion 2021.3.3\bin;D:\JetBrains\WebStorm 2021.3.2\bin;C:\Users\Administrator\go\bin;C:\Users\Administrator\AppData\Local\JetBrains\Toolbox\scripts;C:\Users\Administrator\AppData\Local\GitHubDesktop\bin;D:\JetBrains\GoLand 2022.2.4\bin;C:\Users\Administrator\.dotnet\tools;D:\JetBrains Rider 2022.3.2\bin;C:\Users\Administrator\AppData\Roaming\npm;E:\rust\.rustup;E:\rust\.cargo;C:\Users\Administrator\go\bin
USERNAME=Administrator
DISPLAY=:0.0
LC_ALL=en_US.UTF-8
TERM=xterm-256color
TMPDIR=C:\Users\ADMINI~1\AppData\Local\Temp
OS=Windows_NT
PROCESSOR_IDENTIFIER=Intel64 Family 6 Model 158 Stepping 10, GenuineIntel
TMP=C:\Users\ADMINI~1\AppData\Local\Temp
TEMP=C:\Users\ADMINI~1\AppData\Local\Temp



Periodic native trim disabled

JNI global refs:
JNI global refs: 0, weak refs: 0

JNI global refs memory usage: 0, weak refs: 0

OOME stack traces (most recent first):
Classloader memory used:


---------------  S Y S T E M  ---------------

OS:
 Windows 10 , 64 bit Build 17763 (10.0.17763.475)
OS uptime: 30 days 6:54 hours
Hyper-V role detected

CPU: total 6 (initial active 6) (6 cores per cpu, 1 threads per core) family 6 model 158 stepping 10 microcode 0xb4, cx8, cmov, fxsr, mmx, 3dnowpref, sse, sse2, sse3, ssse3, sse4.1, sse4.2, popcnt, lzcnt, tsc, tscinvbit, avx, avx2, aes, erms, clmul, bmi1, bmi2, adx, fma, vzeroupper, clflush, clflushopt, hv
Processor Information for all 6 processors :
  Max Mhz: 2904, Current Mhz: 2904, Mhz Limit: 2904

Memory: 4k page, system-wide physical 32640M (8146M free)
TotalPageFile size 49533M (AvailPageFile size 261M)
current process WorkingSet (physical memory assigned to process): 12M, peak: 12M
current process commit charge ("private bytes"): 57M, peak: 569M

vm_info: OpenJDK 64-Bit Server VM (17.0.10+1-b1207.14) for windows-amd64 JRE (17.0.10+1-b1207.14), built on 2024-04-05 by "builduser" with MS VC++ 16.10 / 16.11 (VS2019)

END.
